-- MySQL dump 10.13  Distrib 5.5.43, for debian-linux-gnu (x86_64)
--
-- Host: localhost    Database: people_db
-- ------------------------------------------------------
-- Server version	5.5.43-0ubuntu0.12.04.1

/*!40101 SET @OLD_CHARACTER_SET_CLIENT=@@CHARACTER_SET_CLIENT */;
/*!40101 SET @OLD_CHARACTER_SET_RESULTS=@@CHARACTER_SET_RESULTS */;
/*!40101 SET @OLD_COLLATION_CONNECTION=@@COLLATION_CONNECTION */;
/*!40101 SET NAMES utf8 */;
/*!40103 SET @OLD_TIME_ZONE=@@TIME_ZONE */;
/*!40103 SET TIME_ZONE='+00:00' */;
/*!40014 SET @OLD_UNIQUE_CHECKS=@@UNIQUE_CHECKS, UNIQUE_CHECKS=0 */;
/*!40014 SET @OLD_FOREIGN_KEY_CHECKS=@@FOREIGN_KEY_CHECKS, FOREIGN_KEY_CHECKS=0 */;
/*!40101 SET @OLD_SQL_MODE=@@SQL_MODE, SQL_MODE='NO_AUTO_VALUE_ON_ZERO' */;
/*!40111 SET @OLD_SQL_NOTES=@@SQL_NOTES, SQL_NOTES=0 */;

--
-- Table structure for table `name_and_birthday`
--

DROP TABLE IF EXISTS `name_and_birthday`;
/*!40101 SET @saved_cs_client     = @@character_set_client */;
/*!40101 SET character_set_client = utf8 */;
CREATE TABLE `name_and_birthday` (
  `person_id` int(11) NOT NULL AUTO_INCREMENT,
  `first_name` varchar(30) NOT NULL,
  `last_name` varchar(30) NOT NULL,
  `birthday` date NOT NULL,
  `group_id` int(11) DEFAULT NULL,
  PRIMARY KEY (`person_id`)
) ENGINE=InnoDB AUTO_INCREMENT=64 DEFAULT CHARSET=latin1;
/*!40101 SET character_set_client = @saved_cs_client */;

--
-- Dumping data for table `name_and_birthday`
--

LOCK TABLES `name_and_birthday` WRITE;
/*!40000 ALTER TABLE `name_and_birthday` DISABLE KEYS */;
INSERT INTO `name_and_birthday` VALUES (1,'InYong','Chung','1989-03-28',1),(2,'YoungWon','Park','1976-07-17',1),(3,'Seunghyun','Lee','1976-10-17',1),(4,'Gunn','Park','1978-07-27',1),(5,'Seunghoon James','Kim','1980-02-14',1),(6,'Seonghwa','Cho','1981-12-01',1),(7,'Steve','Paek','1981-10-20',1),(8,'Jung','Um','1982-02-23',1),(9,'Minseon','Song','1983-04-19',1),(10,'Hyunyoung Rebecca','Choi','1983-05-24',1),(11,'Suann','Chae','1984-05-23',1),(12,'Eunmi','Kong','1984-07-31',1),(13,'Seonyoung','Park','1985-10-20',1),(14,'Yousun','Min','1985-12-30',1),(15,'Seongyub Enoch','Lee','1986-03-23',1),(16,'Dongyoon Billy','Jang','1986-05-29',1),(17,'Haedong','Yoo','1987-12-13',1),(18,'Ahhyun','Kim','1987-12-15',1),(19,'Kyuwon','Lee','1988-05-10',1),(20,'Zion Simon','Hwang','1989-01-14',1),(21,'Giyeong','Kwon','1990-05-07',1),(22,'Choongman','Han','1991-01-21',1),(23,'OhCheol','Choi','1992-02-22',1),(25,'Heesung','Yun','1989-06-09',2),(27,'Molla','Sung','1899-01-14',1),(28,'Steven','Hong','1985-01-18',1),(29,'Minseok Joseph','Kang','1984-01-18',3),(30,'Jun','Kim','1993-11-12',1),(31,'Lae Young','Kim','1991-04-11',1),(32,'YoungEun','Lee','1989-06-05',2),(33,'Hyunsuk','Oh','1989-05-13',2),(34,'Joonsuk','Oh','1989-05-13',2),(35,'Yegi','Moon','1989-07-25',2),(36,'Chohye','Han','1989-12-30',2),(37,'Charlie','Yun','1989-04-13',2),(38,'JungMun','Chung','1987-01-15',4),(41,'Dad','Father','1959-01-13',4),(42,'Sooyeon','Yoo','1989-02-16',2),(43,'Erica Seongyung','Lim','1989-11-09',2),(44,'Brian Woong','Lee','1989-03-22',2),(45,'Susan Jyeun','Lee','1989-10-07',2),(46,'Dongeun Esther','Lee','1989-07-23',2),(47,'Soyoung','Yoo','1989-05-01',2),(48,'Mikey','Chong','1989-04-09',2),(49,'HyeJung','Bae','1989-03-14',2),(50,'HongYan','Lee','1989-04-13',2),(51,'Sei Young Sheila','Shin','1989-01-25',2),(52,'Minsoo','Kang','1989-07-21',2),(53,'Jong Bin','Park','1989-07-14',2),(54,'Insu','Chae','1989-04-29',2),(55,'HyeBin','Kim','1990-09-27',1),(56,'Mom','','1960-06-13',4),(58,'In Ha Philip','Bae','1989-12-03',2),(59,'Aram','Sim','1988-12-12',1),(60,'SooJin','Jeon','1989-11-24',2),(61,'Jihyun','Shim?','1985-12-02',1),(62,'SeungTaek','Oh','1989-12-12',2),(63,'test','test','1901-01-01',5);
/*!40000 ALTER TABLE `name_and_birthday` ENABLE KEYS */;
UNLOCK TABLES;
/*!40103 SET TIME_ZONE=@OLD_TIME_ZONE */;

/*!40101 SET SQL_MODE=@OLD_SQL_MODE */;
/*!40014 SET FOREIGN_KEY_CHECKS=@OLD_FOREIGN_KEY_CHECKS */;
/*!40014 SET UNIQUE_CHECKS=@OLD_UNIQUE_CHECKS */;
/*!40101 SET CHARACTER_SET_CLIENT=@OLD_CHARACTER_SET_CLIENT */;
/*!40101 SET CHARACTER_SET_RESULTS=@OLD_CHARACTER_SET_RESULTS */;
/*!40101 SET COLLATION_CONNECTION=@OLD_COLLATION_CONNECTION */;
/*!40111 SET SQL_NOTES=@OLD_SQL_NOTES */;

-- Dump completed on 2015-05-06 12:00:54
